-------------------------------------------------------------------------------
Test set: edu.northwestern.art.content_core.services.TaxonomyServiceSpec
-------------------------------------------------------------------------------
Tests run: 4, Failures: 0, Errors: 3, Skipped: 0, Time elapsed: 0.066 sec <<< FAILURE!
A TaxonomyService should  allow the definiton of new taxonomies(edu.northwestern.art.content_core.services.TaxonomyServiceSpec)  Time elapsed: 0.055 sec  <<< ERROR!
com.sun.jersey.api.client.UniformInterfaceException: POST http://localhost:8080/outliner/taxon?name=T1 returned a response status of 400
	at com.sun.jersey.api.client.WebResource.handle(WebResource.java:562)
	at com.sun.jersey.api.client.WebResource.post(WebResource.java:219)
	at edu.northwestern.art.content_core.services.TaxonomyServiceSpec$$anonfun$1.apply$mcV$sp(TaxonomyServiceSpec.scala:45)
	at edu.northwestern.art.content_core.services.TaxonomyServiceSpec$$anonfun$1.apply(TaxonomyServiceSpec.scala:40)
	at edu.northwestern.art.content_core.services.TaxonomyServiceSpec$$anonfun$1.apply(TaxonomyServiceSpec.scala:40)
	at org.scalatest.FlatSpec$$anon$2.apply(FlatSpec.scala:2563)
	at org.scalatest.Suite$class.withFixture(Suite.scala:1509)
	at edu.northwestern.art.content_core.services.TaxonomyServiceSpec.withFixture(TaxonomyServiceSpec.scala:34)
	at org.scalatest.FlatSpec$class.runTest(FlatSpec.scala:2560)
	at edu.northwestern.art.content_core.services.TaxonomyServiceSpec.runTest(TaxonomyServiceSpec.scala:34)
	at org.scalatest.FlatSpec$$anonfun$org$scalatest$FlatSpec$$runTestsInBranch$1.apply(FlatSpec.scala:2485)
	at org.scalatest.FlatSpec$$anonfun$org$scalatest$FlatSpec$$runTestsInBranch$1.apply(FlatSpec.scala:2474)
	at scala.collection.LinearSeqOptimized$class.foreach(LinearSeqOptimized.scala:61)
	at scala.collection.immutable.List.foreach(List.scala:45)
	at org.scalatest.FlatSpec$class.org$scalatest$FlatSpec$$runTestsInBranch(FlatSpec.scala:2473)
	at org.scalatest.FlatSpec$$anonfun$org$scalatest$FlatSpec$$runTestsInBranch$1.apply(FlatSpec.scala:2493)
	at org.scalatest.FlatSpec$$anonfun$org$scalatest$FlatSpec$$runTestsInBranch$1.apply(FlatSpec.scala:2474)
	at scala.collection.LinearSeqOptimized$class.foreach(LinearSeqOptimized.scala:61)
	at scala.collection.immutable.List.foreach(List.scala:45)
	at org.scalatest.FlatSpec$class.org$scalatest$FlatSpec$$runTestsInBranch(FlatSpec.scala:2473)
	at org.scalatest.FlatSpec$class.runTests(FlatSpec.scala:2687)
	at edu.northwestern.art.content_core.services.TaxonomyServiceSpec.runTests(TaxonomyServiceSpec.scala:34)
	at org.scalatest.Suite$class.run(Suite.scala:1804)
	at edu.northwestern.art.content_core.services.TaxonomyServiceSpec.org$scalatest$FlatSpec$$super$run(TaxonomyServiceSpec.scala:34)
	at org.scalatest.FlatSpec$class.run(FlatSpec.scala:2758)
	at edu.northwestern.art.content_core.services.TaxonomyServiceSpec.run(TaxonomyServiceSpec.scala:34)
	at org.scalatest.junit.JUnitRunner.run(JUnitRunner.scala:94)
	at org.apache.maven.surefire.junit4.JUnit4TestSet.execute(JUnit4TestSet.java:62)
	at org.apache.maven.surefire.suite.AbstractDirectoryTestSuite.executeTestSet(AbstractDirectoryTestSuite.java:140)
	at org.apache.maven.surefire.suite.AbstractDirectoryTestSuite.execute(AbstractDirectoryTestSuite.java:127)
	at org.apache.maven.surefire.Surefire.run(Surefire.java:177)
	at sun.reflect.NativeMethodAccessorImpl.invoke0(Native Method)
	at sun.reflect.NativeMethodAccessorImpl.invoke(NativeMethodAccessorImpl.java:39)
	at sun.reflect.DelegatingMethodAccessorImpl.invoke(DelegatingMethodAccessorImpl.java:25)
	at java.lang.reflect.Method.invoke(Method.java:597)
	at org.apache.maven.surefire.booter.SurefireBooter.runSuitesInProcess(SurefireBooter.java:345)
	at org.apache.maven.surefire.booter.SurefireBooter.main(SurefireBooter.java:1009)

A TaxonomyService should provide access to JSON representing existing taxonomies(edu.northwestern.art.content_core.services.TaxonomyServiceSpec)  Time elapsed: 0.005 sec  <<< ERROR!
com.sun.jersey.api.client.UniformInterfaceException: GET http://localhost:8080/outliner/taxon/T1 returned a response status of 400
	at com.sun.jersey.api.client.WebResource.handle(WebResource.java:562)
	at com.sun.jersey.api.client.WebResource.get(WebResource.java:179)
	at edu.northwestern.art.content_core.services.TaxonomyServiceSpec$$anonfun$2.apply$mcV$sp(TaxonomyServiceSpec.scala:53)
	at edu.northwestern.art.content_core.services.TaxonomyServiceSpec$$anonfun$2.apply(TaxonomyServiceSpec.scala:51)
	at edu.northwestern.art.content_core.services.TaxonomyServiceSpec$$anonfun$2.apply(TaxonomyServiceSpec.scala:51)
	at org.scalatest.FlatSpec$$anon$2.apply(FlatSpec.scala:2563)
	at org.scalatest.Suite$class.withFixture(Suite.scala:1509)
	at edu.northwestern.art.content_core.services.TaxonomyServiceSpec.withFixture(TaxonomyServiceSpec.scala:34)
	at org.scalatest.FlatSpec$class.runTest(FlatSpec.scala:2560)
	at edu.northwestern.art.content_core.services.TaxonomyServiceSpec.runTest(TaxonomyServiceSpec.scala:34)
	at org.scalatest.FlatSpec$$anonfun$org$scalatest$FlatSpec$$runTestsInBranch$1.apply(FlatSpec.scala:2485)
	at org.scalatest.FlatSpec$$anonfun$org$scalatest$FlatSpec$$runTestsInBranch$1.apply(FlatSpec.scala:2474)
	at scala.collection.LinearSeqOptimized$class.foreach(LinearSeqOptimized.scala:61)
	at scala.collection.immutable.List.foreach(List.scala:45)
	at org.scalatest.FlatSpec$class.org$scalatest$FlatSpec$$runTestsInBranch(FlatSpec.scala:2473)
	at org.scalatest.FlatSpec$$anonfun$org$scalatest$FlatSpec$$runTestsInBranch$1.apply(FlatSpec.scala:2493)
	at org.scalatest.FlatSpec$$anonfun$org$scalatest$FlatSpec$$runTestsInBranch$1.apply(FlatSpec.scala:2474)
	at scala.collection.LinearSeqOptimized$class.foreach(LinearSeqOptimized.scala:61)
	at scala.collection.immutable.List.foreach(List.scala:45)
	at org.scalatest.FlatSpec$class.org$scalatest$FlatSpec$$runTestsInBranch(FlatSpec.scala:2473)
	at org.scalatest.FlatSpec$class.runTests(FlatSpec.scala:2687)
	at edu.northwestern.art.content_core.services.TaxonomyServiceSpec.runTests(TaxonomyServiceSpec.scala:34)
	at org.scalatest.Suite$class.run(Suite.scala:1804)
	at edu.northwestern.art.content_core.services.TaxonomyServiceSpec.org$scalatest$FlatSpec$$super$run(TaxonomyServiceSpec.scala:34)
	at org.scalatest.FlatSpec$class.run(FlatSpec.scala:2758)
	at edu.northwestern.art.content_core.services.TaxonomyServiceSpec.run(TaxonomyServiceSpec.scala:34)
	at org.scalatest.junit.JUnitRunner.run(JUnitRunner.scala:94)
	at org.apache.maven.surefire.junit4.JUnit4TestSet.execute(JUnit4TestSet.java:62)
	at org.apache.maven.surefire.suite.AbstractDirectoryTestSuite.executeTestSet(AbstractDirectoryTestSuite.java:140)
	at org.apache.maven.surefire.suite.AbstractDirectoryTestSuite.execute(AbstractDirectoryTestSuite.java:127)
	at org.apache.maven.surefire.Surefire.run(Surefire.java:177)
	at sun.reflect.NativeMethodAccessorImpl.invoke0(Native Method)
	at sun.reflect.NativeMethodAccessorImpl.invoke(NativeMethodAccessorImpl.java:39)
	at sun.reflect.DelegatingMethodAccessorImpl.invoke(DelegatingMethodAccessorImpl.java:25)
	at java.lang.reflect.Method.invoke(Method.java:597)
	at org.apache.maven.surefire.booter.SurefireBooter.runSuitesInProcess(SurefireBooter.java:345)
	at org.apache.maven.surefire.booter.SurefireBooter.main(SurefireBooter.java:1009)

A TaxonomyService should support the addition of new categories(edu.northwestern.art.content_core.services.TaxonomyServiceSpec)  Time elapsed: 0.002 sec  <<< ERROR!
com.sun.jersey.api.client.UniformInterfaceException: POST http://localhost:8080/outliner/taxon/T1?name=C1 returned a response status of 400
	at com.sun.jersey.api.client.WebResource.handle(WebResource.java:562)
	at com.sun.jersey.api.client.WebResource.post(WebResource.java:219)
	at edu.northwestern.art.content_core.services.TaxonomyServiceSpec$$anonfun$3.apply$mcV$sp(TaxonomyServiceSpec.scala:65)
	at edu.northwestern.art.content_core.services.TaxonomyServiceSpec$$anonfun$3.apply(TaxonomyServiceSpec.scala:59)
	at edu.northwestern.art.content_core.services.TaxonomyServiceSpec$$anonfun$3.apply(TaxonomyServiceSpec.scala:59)
	at org.scalatest.FlatSpec$$anon$2.apply(FlatSpec.scala:2563)
	at org.scalatest.Suite$class.withFixture(Suite.scala:1509)
	at edu.northwestern.art.content_core.services.TaxonomyServiceSpec.withFixture(TaxonomyServiceSpec.scala:34)
	at org.scalatest.FlatSpec$class.runTest(FlatSpec.scala:2560)
	at edu.northwestern.art.content_core.services.TaxonomyServiceSpec.runTest(TaxonomyServiceSpec.scala:34)
	at org.scalatest.FlatSpec$$anonfun$org$scalatest$FlatSpec$$runTestsInBranch$1.apply(FlatSpec.scala:2485)
	at org.scalatest.FlatSpec$$anonfun$org$scalatest$FlatSpec$$runTestsInBranch$1.apply(FlatSpec.scala:2474)
	at scala.collection.LinearSeqOptimized$class.foreach(LinearSeqOptimized.scala:61)
	at scala.collection.immutable.List.foreach(List.scala:45)
	at org.scalatest.FlatSpec$class.org$scalatest$FlatSpec$$runTestsInBranch(FlatSpec.scala:2473)
	at org.scalatest.FlatSpec$$anonfun$org$scalatest$FlatSpec$$runTestsInBranch$1.apply(FlatSpec.scala:2493)
	at org.scalatest.FlatSpec$$anonfun$org$scalatest$FlatSpec$$runTestsInBranch$1.apply(FlatSpec.scala:2474)
	at scala.collection.LinearSeqOptimized$class.foreach(LinearSeqOptimized.scala:61)
	at scala.collection.immutable.List.foreach(List.scala:45)
	at org.scalatest.FlatSpec$class.org$scalatest$FlatSpec$$runTestsInBranch(FlatSpec.scala:2473)
	at org.scalatest.FlatSpec$class.runTests(FlatSpec.scala:2687)
	at edu.northwestern.art.content_core.services.TaxonomyServiceSpec.runTests(TaxonomyServiceSpec.scala:34)
	at org.scalatest.Suite$class.run(Suite.scala:1804)
	at edu.northwestern.art.content_core.services.TaxonomyServiceSpec.org$scalatest$FlatSpec$$super$run(TaxonomyServiceSpec.scala:34)
	at org.scalatest.FlatSpec$class.run(FlatSpec.scala:2758)
	at edu.northwestern.art.content_core.services.TaxonomyServiceSpec.run(TaxonomyServiceSpec.scala:34)
	at org.scalatest.junit.JUnitRunner.run(JUnitRunner.scala:94)
	at org.apache.maven.surefire.junit4.JUnit4TestSet.execute(JUnit4TestSet.java:62)
	at org.apache.maven.surefire.suite.AbstractDirectoryTestSuite.executeTestSet(AbstractDirectoryTestSuite.java:140)
	at org.apache.maven.surefire.suite.AbstractDirectoryTestSuite.execute(AbstractDirectoryTestSuite.java:127)
	at org.apache.maven.surefire.Surefire.run(Surefire.java:177)
	at sun.reflect.NativeMethodAccessorImpl.invoke0(Native Method)
	at sun.reflect.NativeMethodAccessorImpl.invoke(NativeMethodAccessorImpl.java:39)
	at sun.reflect.DelegatingMethodAccessorImpl.invoke(DelegatingMethodAccessorImpl.java:25)
	at java.lang.reflect.Method.invoke(Method.java:597)
	at org.apache.maven.surefire.booter.SurefireBooter.runSuitesInProcess(SurefireBooter.java:345)
	at org.apache.maven.surefire.booter.SurefireBooter.main(SurefireBooter.java:1009)

